<?xml version="1.0" encoding="UTF-8"?>
<!-- Generated by org.testng.reporters.JUnitReportReporter -->
<testsuite skipped="0" hostname="5491MTY" name="SIEV.test.Tests" tests="1" failures="0" timestamp="14 Nov 2019 20:03:23 GMT" time="153.056" errors="0">
  <testcase name="assertMandatoryDataTest" time="153.056" classname="SIEV.test.Tests"/>
</testsuite> <!-- SIEV.test.Tests -->
