<?xml version="1.0" encoding="UTF-8"?>
<!-- Generated by org.testng.reporters.JUnitReportReporter -->
<testsuite skipped="0" hostname="5491MTY" name="SIEV.test.Tests" tests="1" failures="0" timestamp="13 Nov 2019 22:46:39 GMT" time="136.720" errors="0">
  <testcase name="InvoicePerRegionSIEVTest" time="136.720" classname="SIEV.test.Tests"/>
</testsuite> <!-- SIEV.test.Tests -->
