<?xml version="1.0" encoding="UTF-8"?>
<!-- Generated by org.testng.reporters.JUnitReportReporter -->
<testsuite skipped="0" hostname="5491MTY" name="SIEV.test.Tests" tests="1" failures="0" timestamp="03 Jan 2020 23:20:30 GMT" time="22.896" errors="0">
  <testcase name="assertGeneracionRFC" time="22.896" classname="SIEV.test.Tests"/>
</testsuite> <!-- SIEV.test.Tests -->
