<?xml version="1.0" encoding="UTF-8"?>
<!-- Generated by org.testng.reporters.JUnitReportReporter -->
<testsuite skipped="0" hostname="5491MTY" name="SIEV.test.Tests" tests="1" failures="0" timestamp="28 Nov 2019 18:53:36 GMT" time="163.850" errors="0">
  <testcase name="assertPreventDoubleClick" time="163.850" classname="SIEV.test.Tests"/>
</testsuite> <!-- SIEV.test.Tests -->
