<?xml version="1.0" encoding="UTF-8"?>
<!-- Generated by org.testng.reporters.JUnitReportReporter -->
<testsuite skipped="0" hostname="5491MTY" name="SIEV.test.Tests" tests="1" failures="0" timestamp="19 Nov 2019 17:53:38 GMT" time="181.437" errors="0">
  <testcase name="assertAltaReferencias" time="181.437" classname="SIEV.test.Tests"/>
</testsuite> <!-- SIEV.test.Tests -->
