<?xml version="1.0" encoding="UTF-8"?>
<!-- Generated by org.testng.reporters.JUnitReportReporter -->
<testsuite skipped="0" hostname="5491MTY" name="SIEV.test.Tests" tests="1" failures="0" timestamp="12 Nov 2019 16:57:35 GMT" time="18.455" errors="0">
  <testcase name="InvoiceStructureSIEVTest" time="18.455" classname="SIEV.test.Tests"/>
</testsuite> <!-- SIEV.test.Tests -->
