<?xml version="1.0" encoding="UTF-8"?>
<!-- Generated by org.testng.reporters.JUnitReportReporter -->
<testsuite skipped="0" hostname="5491MTY" name="SIEV.test.Tests" tests="1" failures="0" timestamp="13 Nov 2019 15:43:01 GMT" time="80.948" errors="0">
  <testcase name="InvoiceStructureSIEVTest" time="80.948" classname="SIEV.test.Tests"/>
</testsuite> <!-- SIEV.test.Tests -->
