<?xml version="1.0" encoding="UTF-8"?>
<!-- Generated by org.testng.reporters.JUnitReportReporter -->
<testsuite skipped="0" hostname="5491MTY" name="SIEV.test.Tests" tests="4" failures="0" timestamp="11 Nov 2019 19:31:42 GMT" time="63.302" errors="0">
  <testcase name="LoginWrongUserTypeTest" time="16.622" classname="SIEV.test.Tests"/>
  <testcase name="LoginFailTest" time="16.457" classname="SIEV.test.Tests"/>
  <testcase name="LoginOkTest" time="14.410" classname="SIEV.test.Tests"/>
  <testcase name="LoginWrongRegionTest" time="15.813" classname="SIEV.test.Tests"/>
</testsuite> <!-- SIEV.test.Tests -->
