<?xml version="1.0" encoding="UTF-8"?>
<!-- Generated by org.testng.reporters.JUnitReportReporter -->
<testsuite skipped="0" hostname="5491MTY" name="SIEV.test.Tests" tests="1" failures="0" timestamp="28 Nov 2019 19:46:13 GMT" time="157.715" errors="0">
  <testcase name="assertNumericFields" time="157.715" classname="SIEV.test.Tests"/>
</testsuite> <!-- SIEV.test.Tests -->
