<?xml version="1.0" encoding="UTF-8"?>
<!-- Generated by org.testng.reporters.JUnitReportReporter -->
<testsuite skipped="0" hostname="5491MTY" name="SIEV.test.Tests" tests="1" failures="0" timestamp="19 Nov 2019 23:53:51 GMT" time="52.205" errors="0">
  <testcase name="assertPreventDoubleClick" time="52.205" classname="SIEV.test.Tests"/>
</testsuite> <!-- SIEV.test.Tests -->
