<?xml version="1.0" encoding="UTF-8"?>
<!-- Generated by org.testng.reporters.JUnitReportReporter -->
<testsuite skipped="0" hostname="5491MTY" name="SIEV.test.Tests" tests="1" failures="0" timestamp="10 Jan 2020 18:15:24 GMT" time="29.229" errors="0">
  <testcase name="assertInformacionCrediticia" time="29.229" classname="SIEV.test.Tests"/>
</testsuite> <!-- SIEV.test.Tests -->
