<?xml version="1.0" encoding="UTF-8"?>
<!-- Generated by org.testng.reporters.JUnitReportReporter -->
<testsuite skipped="0" hostname="5491MTY" name="SIEV.test.Tests" tests="1" failures="0" timestamp="25 Nov 2019 18:42:57 GMT" time="11.067" errors="0">
  <testcase name="LoginFailTest" time="11.067" classname="SIEV.test.Tests"/>
</testsuite> <!-- SIEV.test.Tests -->
