<?xml version="1.0" encoding="UTF-8"?>
<!-- Generated by org.testng.reporters.JUnitReportReporter -->
<testsuite skipped="0" hostname="5491MTY" name="SIEV.test.Tests" tests="1" failures="0" timestamp="20 Nov 2019 17:36:01 GMT" time="168.213" errors="0">
  <testcase name="assertAltaReferencias" time="168.213" classname="SIEV.test.Tests"/>
</testsuite> <!-- SIEV.test.Tests -->
