<?xml version="1.0" encoding="UTF-8"?>
<!-- Generated by org.testng.reporters.JUnitReportReporter -->
<testsuite skipped="0" hostname="5491MTY" name="SIEV.test.Tests" tests="1" failures="0" timestamp="19 Nov 2019 17:21:24 GMT" time="157.565" errors="0">
  <testcase name="assertValidReferencePhoneNumber" time="157.565" classname="SIEV.test.Tests"/>
</testsuite> <!-- SIEV.test.Tests -->
